<?xml version="1.0" encoding="UTF-8"?>
<robot generator="Robot 3.1.2 (Python 3.7.4 on win32)" generated="20190805 15:59:20.532" rpa="false">
<suite id="s1" name="test Gherkin&amp;BDD" source="E:\Automation\Testcase\test_Gherkin&amp;BDD.robot">
<test id="s1-t1" name="Scenario: Google search">
<kw name="Given I want to search in Google">
<kw name="Open Browser" library="SeleniumLibrary">
<doc>Opens a new browser instance to the given ``url``.</doc>
<arguments>
<arg>${URL}</arg>
<arg>${Browser}</arg>
</arguments>
<msg timestamp="20190805 15:59:20.843" level="INFO">Opening browser 'Chrome' to base url 'https://www.google.com'.</msg>
<status status="PASS" starttime="20190805 15:59:20.843" endtime="20190805 15:59:37.849"></status>
</kw>
<status status="PASS" starttime="20190805 15:59:20.843" endtime="20190805 15:59:37.849"></status>
</kw>
<kw name="When I search for">
<arguments>
<arg>Serenity BDD</arg>
</arguments>
<kw name="Input Text" library="SeleniumLibrary">
<doc>Types the given ``text`` into text field identified by ``locator``.</doc>
<arguments>
<arg>${TextboxSerach}</arg>
<arg>${keywords}</arg>
</arguments>
<msg timestamp="20190805 15:59:37.850" level="INFO">Typing text 'Serenity BDD' into text field 'id:fakebox-input'.</msg>
<kw name="Capture Page Screenshot" library="SeleniumLibrary">
<doc>Takes screenshot of the current page and embeds it into log file.</doc>
<msg timestamp="20190805 15:59:39.689" level="INFO" html="yes">&lt;/td&gt;&lt;/tr&gt;&lt;tr&gt;&lt;td colspan="3"&gt;&lt;a href="selenium-screenshot-7.png"&gt;&lt;img src="selenium-screenshot-7.png" width="800px"&gt;&lt;/a&gt;</msg>
<status status="PASS" starttime="20190805 15:59:37.860" endtime="20190805 15:59:39.690"></status>
</kw>
<msg timestamp="20190805 15:59:39.835" level="FAIL">Element with locator 'id:fakebox-input' not found.</msg>
<status status="FAIL" starttime="20190805 15:59:37.850" endtime="20190805 15:59:39.835"></status>
</kw>
<status status="FAIL" starttime="20190805 15:59:37.850" endtime="20190805 15:59:39.835"></status>
</kw>
<status status="FAIL" starttime="20190805 15:59:20.842" endtime="20190805 15:59:39.836" critical="yes">Element with locator 'id:fakebox-input' not found.</status>
</test>
<status status="FAIL" starttime="20190805 15:59:20.636" endtime="20190805 15:59:39.866"></status>
</suite>
<statistics>
<total>
<stat pass="0" fail="1">Critical Tests</stat>
<stat pass="0" fail="1">All Tests</stat>
</total>
<tag>
</tag>
<suite>
<stat pass="0" fail="1" id="s1" name="test Gherkin&amp;BDD">test Gherkin&amp;BDD</stat>
</suite>
</statistics>
<errors>
</errors>
</robot>
