<?xml version="1.0" encoding="UTF-8"?>
<robot generator="Robot 3.1.2 (Python 3.7.4 on win32)" generated="20190726 09:47:49.725" rpa="false">
<suite id="s1" name="TC 001 Start Close Browser" source="E:\Automation\77\TC_001_Start_Close_Browser.robot">
<test id="s1-t1" name="TC_001 Browser Start and Close">
<kw name="Open Browser" library="SeleniumLibrary">
<doc>Opens a new browser instance to the given ``url``.</doc>
<arguments>
<arg>${URL}</arg>
<arg>${Browser}</arg>
</arguments>
<msg timestamp="20190726 09:47:49.902" level="INFO">Opening browser 'Chrome' to base url 'http://www.thetestingworld.com/testings'.</msg>
<status status="PASS" starttime="20190726 09:47:49.902" endtime="20190726 09:48:22.181"></status>
</kw>
<kw name="Close Browser" library="SeleniumLibrary">
<doc>Closes the current browser.</doc>
<status status="PASS" starttime="20190726 09:48:22.182" endtime="20190726 09:48:24.439"></status>
</kw>
<status status="PASS" starttime="20190726 09:47:49.901" endtime="20190726 09:48:24.440" critical="yes"></status>
</test>
<status status="PASS" starttime="20190726 09:47:49.726" endtime="20190726 09:48:24.462"></status>
</suite>
<statistics>
<total>
<stat pass="1" fail="0">Critical Tests</stat>
<stat pass="1" fail="0">All Tests</stat>
</total>
<tag>
</tag>
<suite>
<stat pass="1" fail="0" id="s1" name="TC 001 Start Close Browser">TC 001 Start Close Browser</stat>
</suite>
</statistics>
<errors>
</errors>
</robot>
